2023-06-12 05:45:03 [main] INFO  c.d.t.TwitterToKafkaServiceApplication - Starting TwitterToKafkaServiceApplication v0.0.1-SNAPSHOT using Java 11.0.19 on f5578d36e935 with PID 1 (/workspace/BOOT-INF/classes started by cnb in /workspace)
2023-06-12 05:45:03 [main] INFO  c.d.t.TwitterToKafkaServiceApplication - No active profile set, falling back to 1 default profile: "default"
2023-06-12 05:45:04 [main] INFO  o.a.k.c.admin.AdminClientConfig - AdminClientConfig values: 
	bootstrap.servers = [kafka-broker-1:9092, kafka-broker-2:9092, kafka-broker-3:9092]
	client.dns.lookup = use_all_dns_ips
	client.id = 
	connections.max.idle.ms = 300000
	default.api.timeout.ms = 60000
	metadata.max.age.ms = 300000
	metric.reporters = []
	metrics.num.samples = 2
	metrics.recording.level = INFO
	metrics.sample.window.ms = 30000
	receive.buffer.bytes = 65536
	reconnect.backoff.max.ms = 1000
	reconnect.backoff.ms = 50
	request.timeout.ms = 30000
	retries = 2147483647
	retry.backoff.ms = 100
	sasl.client.callback.handler.class = null
	sasl.jaas.config = null
	sasl.kerberos.kinit.cmd = /usr/bin/kinit
	sasl.kerberos.min.time.before.relogin = 60000
	sasl.kerberos.service.name = null
	sasl.kerberos.ticket.renew.jitter = 0.05
	sasl.kerberos.ticket.renew.window.factor = 0.8
	sasl.login.callback.handler.class = null
	sasl.login.class = null
	sasl.login.connect.timeout.ms = null
	sasl.login.read.timeout.ms = null
	sasl.login.refresh.buffer.seconds = 300
	sasl.login.refresh.min.period.seconds = 60
	sasl.login.refresh.window.factor = 0.8
	sasl.login.refresh.window.jitter = 0.05
	sasl.login.retry.backoff.max.ms = 10000
	sasl.login.retry.backoff.ms = 100
	sasl.mechanism = GSSAPI
	sasl.oauthbearer.clock.skew.seconds = 30
	sasl.oauthbearer.expected.audience = null
	sasl.oauthbearer.expected.issuer = null
	sasl.oauthbearer.jwks.endpoint.refresh.ms = 3600000
	sasl.oauthbearer.jwks.endpoint.retry.backoff.max.ms = 10000
	sasl.oauthbearer.jwks.endpoint.retry.backoff.ms = 100
	sasl.oauthbearer.jwks.endpoint.url = null
	sasl.oauthbearer.scope.claim.name = scope
	sasl.oauthbearer.sub.claim.name = sub
	sasl.oauthbearer.token.endpoint.url = null
	security.protocol = PLAINTEXT
	security.providers = null
	send.buffer.bytes = 131072
	socket.connection.setup.timeout.max.ms = 30000
	socket.connection.setup.timeout.ms = 10000
	ssl.cipher.suites = null
	ssl.enabled.protocols = [TLSv1.2, TLSv1.3]
	ssl.endpoint.identification.algorithm = https
	ssl.engine.factory.class = null
	ssl.key.password = null
	ssl.keymanager.algorithm = SunX509
	ssl.keystore.certificate.chain = null
	ssl.keystore.key = null
	ssl.keystore.location = null
	ssl.keystore.password = null
	ssl.keystore.type = JKS
	ssl.protocol = TLSv1.3
	ssl.provider = null
	ssl.secure.random.implementation = null
	ssl.trustmanager.algorithm = PKIX
	ssl.truststore.certificates = null
	ssl.truststore.location = null
	ssl.truststore.password = null
	ssl.truststore.type = JKS

2023-06-12 05:45:05 [main] INFO  o.a.kafka.common.utils.AppInfoParser - Kafka version: 3.1.2
2023-06-12 05:45:05 [main] INFO  o.a.kafka.common.utils.AppInfoParser - Kafka commitId: f8c67dc3ae0a3265
2023-06-12 05:45:05 [main] INFO  o.a.kafka.common.utils.AppInfoParser - Kafka startTimeMs: 1686548705199
2023-06-12 05:45:05 [main] INFO  o.s.b.w.e.netty.NettyWebServer - Netty started on port 8080
2023-06-12 05:45:06 [main] INFO  c.d.t.TwitterToKafkaServiceApplication - Started TwitterToKafkaServiceApplication in 2.992 seconds (JVM running for 3.624)
2023-06-12 05:45:06 [main] INFO  c.d.t.TwitterToKafkaServiceApplication - App starts...
2023-06-12 05:45:06 [main] INFO  c.d.k.client.KafkaAdminClient - Creating 1 topics(s), attempt 0
2023-06-12 05:45:06 [main] INFO  c.d.k.client.KafkaAdminClient - Create topic result [KafkaFuture{value=null,exception=null,done=false}]
2023-06-12 05:45:06 [main] INFO  c.d.k.client.KafkaAdminClient - Reading kafka topic [twitter-topic], attempt 0
2023-06-12 05:45:06 [main] INFO  c.d.t.i.impl.KafkaStreamInitializer - Topics with name twitter-topic is ready for operations!
2023-06-12 05:45:06 [main] INFO  c.d.t.r.impl.MockKafkaStreamRunner - Starting mock filtering twitter streams for keywords [Java, Microservices, Kafka, Elasticsearch]
2023-06-12 05:45:06 [pool-4-thread-1] INFO  c.d.t.l.TwitterKafkaStatusListener - Received status text consectetuer purus purus porttitor Elasticsearch massa libero sending to kafka topic twitter-topic
2023-06-12 05:45:06 [pool-4-thread-1] INFO  c.d.k.s.impl.TwitterKafkaProducer - Sending message='{"userId": 3592971953437292072, "id": 1722015314844331936, "text": "consectetuer purus purus porttitor Elasticsearch massa libero", "createdAt": 1686548706000}' to topic='twitter-topic'
2023-06-12 05:45:06 [pool-4-thread-1] INFO  o.a.k.c.producer.ProducerConfig - ProducerConfig values: 
	acks = -1
	batch.size = 1638400
	bootstrap.servers = [kafka-broker-1:9092, kafka-broker-2:9092, kafka-broker-3:9092]
	buffer.memory = 33554432
	client.dns.lookup = use_all_dns_ips
	client.id = producer-1
	compression.type = snappy
	connections.max.idle.ms = 540000
	delivery.timeout.ms = 120000
	enable.idempotence = true
	interceptor.classes = []
	key.serializer = class org.apache.kafka.common.serialization.LongSerializer
	linger.ms = 5
	max.block.ms = 60000
	max.in.flight.requests.per.connection = 5
	max.request.size = 1048576
	metadata.max.age.ms = 300000
	metadata.max.idle.ms = 300000
	metric.reporters = []
	metrics.num.samples = 2
	metrics.recording.level = INFO
	metrics.sample.window.ms = 30000
	partitioner.class = class org.apache.kafka.clients.producer.internals.DefaultPartitioner
	receive.buffer.bytes = 32768
	reconnect.backoff.max.ms = 1000
	reconnect.backoff.ms = 50
	request.timeout.ms = 60000
	retries = 5
	retry.backoff.ms = 100
	sasl.client.callback.handler.class = null
	sasl.jaas.config = null
	sasl.kerberos.kinit.cmd = /usr/bin/kinit
	sasl.kerberos.min.time.before.relogin = 60000
	sasl.kerberos.service.name = null
	sasl.kerberos.ticket.renew.jitter = 0.05
	sasl.kerberos.ticket.renew.window.factor = 0.8
	sasl.login.callback.handler.class = null
	sasl.login.class = null
	sasl.login.connect.timeout.ms = null
	sasl.login.read.timeout.ms = null
	sasl.login.refresh.buffer.seconds = 300
	sasl.login.refresh.min.period.seconds = 60
	sasl.login.refresh.window.factor = 0.8
	sasl.login.refresh.window.jitter = 0.05
	sasl.login.retry.backoff.max.ms = 10000
	sasl.login.retry.backoff.ms = 100
	sasl.mechanism = GSSAPI
	sasl.oauthbearer.clock.skew.seconds = 30
	sasl.oauthbearer.expected.audience = null
	sasl.oauthbearer.expected.issuer = null
	sasl.oauthbearer.jwks.endpoint.refresh.ms = 3600000
	sasl.oauthbearer.jwks.endpoint.retry.backoff.max.ms = 10000
	sasl.oauthbearer.jwks.endpoint.retry.backoff.ms = 100
	sasl.oauthbearer.jwks.endpoint.url = null
	sasl.oauthbearer.scope.claim.name = scope
	sasl.oauthbearer.sub.claim.name = sub
	sasl.oauthbearer.token.endpoint.url = null
	security.protocol = PLAINTEXT
	security.providers = null
	send.buffer.bytes = 131072
	socket.connection.setup.timeout.max.ms = 30000
	socket.connection.setup.timeout.ms = 10000
	ssl.cipher.suites = null
	ssl.enabled.protocols = [TLSv1.2, TLSv1.3]
	ssl.endpoint.identification.algorithm = https
	ssl.engine.factory.class = null
	ssl.key.password = null
	ssl.keymanager.algorithm = SunX509
	ssl.keystore.certificate.chain = null
	ssl.keystore.key = null
	ssl.keystore.location = null
	ssl.keystore.password = null
	ssl.keystore.type = JKS
	ssl.protocol = TLSv1.3
	ssl.provider = null
	ssl.secure.random.implementation = null
	ssl.trustmanager.algorithm = PKIX
	ssl.truststore.certificates = null
	ssl.truststore.location = null
	ssl.truststore.password = null
	ssl.truststore.type = JKS
	transaction.timeout.ms = 60000
	transactional.id = null
	value.serializer = class io.confluent.kafka.serializers.KafkaAvroSerializer

2023-06-12 05:45:06 [pool-4-thread-1] INFO  i.c.k.s.KafkaAvroSerializerConfig - KafkaAvroSerializerConfig values: 
	auto.register.schemas = true
	avro.reflection.allow.null = false
	avro.remove.java.properties = false
	avro.use.logical.type.converters = false
	basic.auth.credentials.source = URL
	basic.auth.user.info = [hidden]
	bearer.auth.cache.expiry.buffer.seconds = 300
	bearer.auth.client.id = null
	bearer.auth.client.secret = null
	bearer.auth.credentials.source = STATIC_TOKEN
	bearer.auth.identity.pool.id = null
	bearer.auth.issuer.endpoint.url = null
	bearer.auth.logical.cluster = null
	bearer.auth.scope = null
	bearer.auth.scope.claim.name = scope
	bearer.auth.sub.claim.name = sub
	bearer.auth.token = [hidden]
	context.name.strategy = class io.confluent.kafka.serializers.context.NullContextNameStrategy
	id.compatibility.strict = true
	key.subject.name.strategy = class io.confluent.kafka.serializers.subject.TopicNameStrategy
	latest.cache.size = 1000
	latest.cache.ttl.sec = -1
	latest.compatibility.strict = true
	max.schemas.per.subject = 1000
	normalize.schemas = false
	proxy.host = 
	proxy.port = -1
	rule.actions = []
	rule.executors = []
	schema.format = null
	schema.reflection = false
	schema.registry.basic.auth.user.info = [hidden]
	schema.registry.ssl.cipher.suites = null
	schema.registry.ssl.enabled.protocols = [TLSv1.2, TLSv1.3]
	schema.registry.ssl.endpoint.identification.algorithm = https
	schema.registry.ssl.engine.factory.class = null
	schema.registry.ssl.key.password = null
	schema.registry.ssl.keymanager.algorithm = SunX509
	schema.registry.ssl.keystore.certificate.chain = null
	schema.registry.ssl.keystore.key = null
	schema.registry.ssl.keystore.location = null
	schema.registry.ssl.keystore.password = null
	schema.registry.ssl.keystore.type = JKS
	schema.registry.ssl.protocol = TLSv1.3
	schema.registry.ssl.provider = null
	schema.registry.ssl.secure.random.implementation = null
	schema.registry.ssl.trustmanager.algorithm = PKIX
	schema.registry.ssl.truststore.certificates = null
	schema.registry.ssl.truststore.location = null
	schema.registry.ssl.truststore.password = null
	schema.registry.ssl.truststore.type = JKS
	schema.registry.url = [http://schema-registry:8081]
	use.latest.version = false
	use.latest.with.metadata = null
	use.schema.id = -1
	value.subject.name.strategy = class io.confluent.kafka.serializers.subject.TopicNameStrategy

2023-06-12 05:45:07 [pool-4-thread-1] INFO  o.a.k.clients.producer.KafkaProducer - [Producer clientId=producer-1] Instantiated an idempotent producer.
2023-06-12 05:45:07 [pool-4-thread-1] INFO  o.a.kafka.common.utils.AppInfoParser - Kafka version: 3.1.2
2023-06-12 05:45:07 [pool-4-thread-1] INFO  o.a.kafka.common.utils.AppInfoParser - Kafka commitId: f8c67dc3ae0a3265
2023-06-12 05:45:07 [pool-4-thread-1] INFO  o.a.kafka.common.utils.AppInfoParser - Kafka startTimeMs: 1686548707367
2023-06-12 05:45:07 [kafka-producer-network-thread | producer-1] INFO  org.apache.kafka.clients.Metadata - [Producer clientId=producer-1] Cluster ID: fbiG2haKQ9m-7jihwjuheg
2023-06-12 05:45:07 [kafka-producer-network-thread | producer-1] INFO  o.a.k.c.p.i.TransactionManager - [Producer clientId=producer-1] ProducerId set to 5000 with epoch 0
2023-06-12 05:45:17 [pool-4-thread-1] INFO  c.d.t.l.TwitterKafkaStatusListener - Received status text consectetuer magna libero Lorem consectetuer ipsum magna Microservices libero magna amet dolor consectetuer sending to kafka topic twitter-topic
2023-06-12 05:45:17 [pool-4-thread-1] INFO  c.d.k.s.impl.TwitterKafkaProducer - Sending message='{"userId": 7570811376772842134, "id": 8377594712049657545, "text": "consectetuer magna libero Lorem consectetuer ipsum magna Microservices libero magna amet dolor consectetuer", "createdAt": 1686548717000}' to topic='twitter-topic'
2023-06-12 05:45:27 [pool-4-thread-1] INFO  c.d.t.l.TwitterKafkaStatusListener - Received status text adipiscing ipsum libero dolor Elasticsearch libero massa sending to kafka topic twitter-topic
2023-06-12 05:45:27 [pool-4-thread-1] INFO  c.d.k.s.impl.TwitterKafkaProducer - Sending message='{"userId": 1001881493707271786, "id": 2838172072328215049, "text": "adipiscing ipsum libero dolor Elasticsearch libero massa", "createdAt": 1686548727000}' to topic='twitter-topic'
2023-06-12 05:45:37 [pool-4-thread-1] INFO  c.d.t.l.TwitterKafkaStatusListener - Received status text Lorem malesuada malesuada ipsum magna Java porttitor Fusce magna posuere sending to kafka topic twitter-topic
2023-06-12 05:45:37 [pool-4-thread-1] INFO  c.d.k.s.impl.TwitterKafkaProducer - Sending message='{"userId": 1142508344654802325, "id": 4430112428791278229, "text": "Lorem malesuada malesuada ipsum magna Java porttitor Fusce magna posuere", "createdAt": 1686548737000}' to topic='twitter-topic'
2023-06-12 05:45:47 [pool-4-thread-1] INFO  c.d.t.l.TwitterKafkaStatusListener - Received status text libero lectus ipsum porttitor Lorem malesuada Elasticsearch ultricies Maecenas dolor magna sending to kafka topic twitter-topic
2023-06-12 05:45:47 [pool-4-thread-1] INFO  c.d.k.s.impl.TwitterKafkaProducer - Sending message='{"userId": 4690764534828446777, "id": 4629168027098098401, "text": "libero lectus ipsum porttitor Lorem malesuada Elasticsearch ultricies Maecenas dolor magna", "createdAt": 1686548747000}' to topic='twitter-topic'
2023-06-12 05:45:57 [pool-4-thread-1] INFO  c.d.t.l.TwitterKafkaStatusListener - Received status text pulvinar sit consectetuer posuere congue Microservices lectus posuere sit pulvinar sending to kafka topic twitter-topic
2023-06-12 05:45:57 [pool-4-thread-1] INFO  c.d.k.s.impl.TwitterKafkaProducer - Sending message='{"userId": 7893387010487216530, "id": 6488247511440733107, "text": "pulvinar sit consectetuer posuere congue Microservices lectus posuere sit pulvinar", "createdAt": 1686548757000}' to topic='twitter-topic'
2023-06-12 05:46:07 [pool-4-thread-1] INFO  c.d.t.l.TwitterKafkaStatusListener - Received status text sed porttitor adipiscing congue sit Fusce Microservices ultricies elit congue Fusce sending to kafka topic twitter-topic
2023-06-12 05:46:07 [pool-4-thread-1] INFO  c.d.k.s.impl.TwitterKafkaProducer - Sending message='{"userId": 8211323737715716720, "id": 1578659294498297677, "text": "sed porttitor adipiscing congue sit Fusce Microservices ultricies elit congue Fusce", "createdAt": 1686548767000}' to topic='twitter-topic'
2023-06-12 05:46:17 [pool-4-thread-1] INFO  c.d.t.l.TwitterKafkaStatusListener - Received status text purus Fusce adipiscing amet pulvinar lectus ipsum Maecenas Microservices adipiscing dolor Fusce posuere dolor adipiscing lectus sending to kafka topic twitter-topic
2023-06-12 05:46:17 [pool-4-thread-1] INFO  c.d.k.s.impl.TwitterKafkaProducer - Sending message='{"userId": 2423718415829566164, "id": 6387973205445517444, "text": "purus Fusce adipiscing amet pulvinar lectus ipsum Maecenas Microservices adipiscing dolor Fusce posuere dolor adipiscing lectus", "createdAt": 1686548777000}' to topic='twitter-topic'
2023-06-12 05:46:27 [pool-4-thread-1] INFO  c.d.t.l.TwitterKafkaStatusListener - Received status text massa ultricies porttitor libero lectus posuere Elasticsearch libero amet malesuada libero sending to kafka topic twitter-topic
2023-06-12 05:46:27 [pool-4-thread-1] INFO  c.d.k.s.impl.TwitterKafkaProducer - Sending message='{"userId": 7001723101463729758, "id": 8981852451240603973, "text": "massa ultricies porttitor libero lectus posuere Elasticsearch libero amet malesuada libero", "createdAt": 1686548787000}' to topic='twitter-topic'
2023-06-12 05:46:37 [pool-4-thread-1] INFO  c.d.t.l.TwitterKafkaStatusListener - Received status text sit posuere sed malesuada Microservices ipsum elit sending to kafka topic twitter-topic
2023-06-12 05:46:37 [pool-4-thread-1] INFO  c.d.k.s.impl.TwitterKafkaProducer - Sending message='{"userId": 1088183859288687453, "id": 219388501130700968, "text": "sit posuere sed malesuada Microservices ipsum elit", "createdAt": 1686548797000}' to topic='twitter-topic'
2023-06-12 05:46:47 [pool-4-thread-1] INFO  c.d.t.l.TwitterKafkaStatusListener - Received status text porttitor libero massa lectus dolor sed lectus ultricies Kafka purus congue massa amet porttitor Fusce sending to kafka topic twitter-topic
2023-06-12 05:46:47 [pool-4-thread-1] INFO  c.d.k.s.impl.TwitterKafkaProducer - Sending message='{"userId": 119315020183686388, "id": 2309872974777777796, "text": "porttitor libero massa lectus dolor sed lectus ultricies Kafka purus congue massa amet porttitor Fusce", "createdAt": 1686548807000}' to topic='twitter-topic'
2023-06-12 05:46:57 [pool-4-thread-1] INFO  c.d.t.l.TwitterKafkaStatusListener - Received status text malesuada ipsum malesuada Java massa congue sending to kafka topic twitter-topic
2023-06-12 05:46:57 [pool-4-thread-1] INFO  c.d.k.s.impl.TwitterKafkaProducer - Sending message='{"userId": 2641188846057643901, "id": 4084833984937157599, "text": "malesuada ipsum malesuada Java massa congue", "createdAt": 1686548817000}' to topic='twitter-topic'
2023-06-12 05:47:07 [pool-4-thread-1] INFO  c.d.t.l.TwitterKafkaStatusListener - Received status text amet sit porttitor elit pulvinar dolor lectus Elasticsearch porttitor massa magna purus posuere sending to kafka topic twitter-topic
2023-06-12 05:47:07 [pool-4-thread-1] INFO  c.d.k.s.impl.TwitterKafkaProducer - Sending message='{"userId": 5190831588455648324, "id": 8271364961143450975, "text": "amet sit porttitor elit pulvinar dolor lectus Elasticsearch porttitor massa magna purus posuere", "createdAt": 1686548827000}' to topic='twitter-topic'
2023-06-12 05:47:17 [pool-4-thread-1] INFO  c.d.t.l.TwitterKafkaStatusListener - Received status text Lorem malesuada lectus Kafka massa malesuada sending to kafka topic twitter-topic
2023-06-12 05:47:17 [pool-4-thread-1] INFO  c.d.k.s.impl.TwitterKafkaProducer - Sending message='{"userId": 3417387697640242321, "id": 3609375284847644871, "text": "Lorem malesuada lectus Kafka massa malesuada", "createdAt": 1686548837000}' to topic='twitter-topic'
2023-06-12 05:47:27 [pool-4-thread-1] INFO  c.d.t.l.TwitterKafkaStatusListener - Received status text adipiscing Maecenas sed porttitor Fusce Elasticsearch congue sit sit Maecenas sending to kafka topic twitter-topic
2023-06-12 05:47:27 [pool-4-thread-1] INFO  c.d.k.s.impl.TwitterKafkaProducer - Sending message='{"userId": 8444810471130736070, "id": 2207963963499159870, "text": "adipiscing Maecenas sed porttitor Fusce Elasticsearch congue sit sit Maecenas", "createdAt": 1686548847000}' to topic='twitter-topic'
2023-06-12 05:47:37 [pool-4-thread-1] INFO  c.d.t.l.TwitterKafkaStatusListener - Received status text magna Lorem libero Lorem massa dolor Elasticsearch consectetuer libero posuere sed elit sending to kafka topic twitter-topic
2023-06-12 05:47:37 [pool-4-thread-1] INFO  c.d.k.s.impl.TwitterKafkaProducer - Sending message='{"userId": 3372901220858990546, "id": 1198265812571208691, "text": "magna Lorem libero Lorem massa dolor Elasticsearch consectetuer libero posuere sed elit", "createdAt": 1686548857000}' to topic='twitter-topic'
2023-06-12 05:47:47 [pool-4-thread-1] INFO  c.d.t.l.TwitterKafkaStatusListener - Received status text sit Fusce libero posuere magna posuere purus pulvinar Kafka magna magna Maecenas libero congue congue Fusce sending to kafka topic twitter-topic
2023-06-12 05:47:47 [pool-4-thread-1] INFO  c.d.k.s.impl.TwitterKafkaProducer - Sending message='{"userId": 1536903438822127418, "id": 3247194908661067898, "text": "sit Fusce libero posuere magna posuere purus pulvinar Kafka magna magna Maecenas libero congue congue Fusce", "createdAt": 1686548867000}' to topic='twitter-topic'
2023-06-12 05:47:57 [pool-4-thread-1] INFO  c.d.t.l.TwitterKafkaStatusListener - Received status text sed dolor malesuada sit lectus amet ipsum Java malesuada Maecenas Fusce ultricies Lorem sending to kafka topic twitter-topic
2023-06-12 05:47:57 [pool-4-thread-1] INFO  c.d.k.s.impl.TwitterKafkaProducer - Sending message='{"userId": 8631805997677267816, "id": 702868885404984165, "text": "sed dolor malesuada sit lectus amet ipsum Java malesuada Maecenas Fusce ultricies Lorem", "createdAt": 1686548877000}' to topic='twitter-topic'
2023-06-12 05:48:07 [pool-4-thread-1] INFO  c.d.t.l.TwitterKafkaStatusListener - Received status text porttitor ultricies sed Lorem dolor ipsum Elasticsearch magna magna dolor sit congue sending to kafka topic twitter-topic
2023-06-12 05:48:07 [pool-4-thread-1] INFO  c.d.k.s.impl.TwitterKafkaProducer - Sending message='{"userId": 6540274588517518429, "id": 5916064832493130030, "text": "porttitor ultricies sed Lorem dolor ipsum Elasticsearch magna magna dolor sit congue", "createdAt": 1686548887000}' to topic='twitter-topic'
2023-06-12 05:48:17 [pool-4-thread-1] INFO  c.d.t.l.TwitterKafkaStatusListener - Received status text Fusce lectus consectetuer malesuada Microservices libero elit sending to kafka topic twitter-topic
2023-06-12 05:48:17 [pool-4-thread-1] INFO  c.d.k.s.impl.TwitterKafkaProducer - Sending message='{"userId": 5837493112231927009, "id": 743452879390841948, "text": "Fusce lectus consectetuer malesuada Microservices libero elit", "createdAt": 1686548897000}' to topic='twitter-topic'
2023-06-12 05:48:27 [pool-4-thread-1] INFO  c.d.t.l.TwitterKafkaStatusListener - Received status text Fusce malesuada pulvinar elit Kafka amet libero sending to kafka topic twitter-topic
2023-06-12 05:48:28 [pool-4-thread-1] INFO  c.d.k.s.impl.TwitterKafkaProducer - Sending message='{"userId": 8296919586058011731, "id": 1252647209742743637, "text": "Fusce malesuada pulvinar elit Kafka amet libero", "createdAt": 1686548907000}' to topic='twitter-topic'
2023-06-12 05:48:38 [pool-4-thread-1] INFO  c.d.t.l.TwitterKafkaStatusListener - Received status text magna massa Maecenas malesuada ultricies Microservices libero libero elit dolor sending to kafka topic twitter-topic
2023-06-12 05:48:38 [pool-4-thread-1] INFO  c.d.k.s.impl.TwitterKafkaProducer - Sending message='{"userId": 7244757233301443075, "id": 5502800845711213912, "text": "magna massa Maecenas malesuada ultricies Microservices libero libero elit dolor", "createdAt": 1686548918000}' to topic='twitter-topic'
2023-06-12 05:48:38 [kafka-admin-client-thread | adminclient-1] INFO  o.a.kafka.common.utils.AppInfoParser - App info kafka.admin.client for adminclient-1 unregistered
2023-06-12 05:48:38 [kafka-admin-client-thread | adminclient-1] INFO  o.a.kafka.common.metrics.Metrics - Metrics scheduler closed
2023-06-12 05:48:38 [kafka-admin-client-thread | adminclient-1] INFO  o.a.kafka.common.metrics.Metrics - Closing reporter org.apache.kafka.common.metrics.JmxReporter
2023-06-12 05:48:38 [kafka-admin-client-thread | adminclient-1] INFO  o.a.kafka.common.metrics.Metrics - Metrics reporters closed
2023-06-12 05:48:38 [SpringApplicationShutdownHook] INFO  c.d.k.s.impl.TwitterKafkaProducer - Closing kafka producer!
2023-06-12 05:48:38 [SpringApplicationShutdownHook] INFO  o.a.k.clients.producer.KafkaProducer - [Producer clientId=producer-1] Closing the Kafka producer with timeoutMillis = 30000 ms.
2023-06-12 05:48:38 [SpringApplicationShutdownHook] INFO  o.a.kafka.common.metrics.Metrics - Metrics scheduler closed
2023-06-12 05:48:38 [SpringApplicationShutdownHook] INFO  o.a.kafka.common.metrics.Metrics - Closing reporter org.apache.kafka.common.metrics.JmxReporter
2023-06-12 05:48:38 [SpringApplicationShutdownHook] INFO  o.a.kafka.common.metrics.Metrics - Metrics reporters closed
2023-06-12 05:48:38 [SpringApplicationShutdownHook] INFO  o.a.kafka.common.utils.AppInfoParser - App info kafka.producer for producer-1 unregistered
2023-06-12 05:49:07 [main] INFO  c.d.t.TwitterToKafkaServiceApplication - Starting TwitterToKafkaServiceApplication v0.0.1-SNAPSHOT using Java 11.0.19 on 612497fb4c3a with PID 1 (/workspace/BOOT-INF/classes started by cnb in /workspace)
2023-06-12 05:49:07 [main] INFO  c.d.t.TwitterToKafkaServiceApplication - No active profile set, falling back to 1 default profile: "default"
2023-06-12 05:49:08 [main] INFO  o.a.k.c.admin.AdminClientConfig - AdminClientConfig values: 
	bootstrap.servers = [kafka-broker-1:9092, kafka-broker-2:9092, kafka-broker-3:9092]
	client.dns.lookup = use_all_dns_ips
	client.id = 
	connections.max.idle.ms = 300000
	default.api.timeout.ms = 60000
	metadata.max.age.ms = 300000
	metric.reporters = []
	metrics.num.samples = 2
	metrics.recording.level = INFO
	metrics.sample.window.ms = 30000
	receive.buffer.bytes = 65536
	reconnect.backoff.max.ms = 1000
	reconnect.backoff.ms = 50
	request.timeout.ms = 30000
	retries = 2147483647
	retry.backoff.ms = 100
	sasl.client.callback.handler.class = null
	sasl.jaas.config = null
	sasl.kerberos.kinit.cmd = /usr/bin/kinit
	sasl.kerberos.min.time.before.relogin = 60000
	sasl.kerberos.service.name = null
	sasl.kerberos.ticket.renew.jitter = 0.05
	sasl.kerberos.ticket.renew.window.factor = 0.8
	sasl.login.callback.handler.class = null
	sasl.login.class = null
	sasl.login.connect.timeout.ms = null
	sasl.login.read.timeout.ms = null
	sasl.login.refresh.buffer.seconds = 300
	sasl.login.refresh.min.period.seconds = 60
	sasl.login.refresh.window.factor = 0.8
	sasl.login.refresh.window.jitter = 0.05
	sasl.login.retry.backoff.max.ms = 10000
	sasl.login.retry.backoff.ms = 100
	sasl.mechanism = GSSAPI
	sasl.oauthbearer.clock.skew.seconds = 30
	sasl.oauthbearer.expected.audience = null
	sasl.oauthbearer.expected.issuer = null
	sasl.oauthbearer.jwks.endpoint.refresh.ms = 3600000
	sasl.oauthbearer.jwks.endpoint.retry.backoff.max.ms = 10000
	sasl.oauthbearer.jwks.endpoint.retry.backoff.ms = 100
	sasl.oauthbearer.jwks.endpoint.url = null
	sasl.oauthbearer.scope.claim.name = scope
	sasl.oauthbearer.sub.claim.name = sub
	sasl.oauthbearer.token.endpoint.url = null
	security.protocol = PLAINTEXT
	security.providers = null
	send.buffer.bytes = 131072
	socket.connection.setup.timeout.max.ms = 30000
	socket.connection.setup.timeout.ms = 10000
	ssl.cipher.suites = null
	ssl.enabled.protocols = [TLSv1.2, TLSv1.3]
	ssl.endpoint.identification.algorithm = https
	ssl.engine.factory.class = null
	ssl.key.password = null
	ssl.keymanager.algorithm = SunX509
	ssl.keystore.certificate.chain = null
	ssl.keystore.key = null
	ssl.keystore.location = null
	ssl.keystore.password = null
	ssl.keystore.type = JKS
	ssl.protocol = TLSv1.3
	ssl.provider = null
	ssl.secure.random.implementation = null
	ssl.trustmanager.algorithm = PKIX
	ssl.truststore.certificates = null
	ssl.truststore.location = null
	ssl.truststore.password = null
	ssl.truststore.type = JKS

2023-06-12 05:49:09 [main] INFO  o.a.kafka.common.utils.AppInfoParser - Kafka version: 3.1.2
2023-06-12 05:49:09 [main] INFO  o.a.kafka.common.utils.AppInfoParser - Kafka commitId: f8c67dc3ae0a3265
2023-06-12 05:49:09 [main] INFO  o.a.kafka.common.utils.AppInfoParser - Kafka startTimeMs: 1686548949044
2023-06-12 05:49:09 [kafka-admin-client-thread | adminclient-1] INFO  o.apache.kafka.clients.NetworkClient - [AdminClient clientId=adminclient-1] Node -3 disconnected.
2023-06-12 05:49:09 [kafka-admin-client-thread | adminclient-1] WARN  o.apache.kafka.clients.NetworkClient - [AdminClient clientId=adminclient-1] Connection to node -3 (kafka-broker-3/172.25.0.5:9092) could not be established. Broker may not be available.
2023-06-12 05:49:10 [kafka-admin-client-thread | adminclient-1] INFO  o.apache.kafka.clients.NetworkClient - [AdminClient clientId=adminclient-1] Node -1 disconnected.
2023-06-12 05:49:10 [kafka-admin-client-thread | adminclient-1] WARN  o.apache.kafka.clients.NetworkClient - [AdminClient clientId=adminclient-1] Connection to node -1 (kafka-broker-1/172.25.0.6:9092) could not be established. Broker may not be available.
2023-06-12 05:49:10 [kafka-admin-client-thread | adminclient-1] INFO  o.apache.kafka.clients.NetworkClient - [AdminClient clientId=adminclient-1] Node -2 disconnected.
2023-06-12 05:49:10 [kafka-admin-client-thread | adminclient-1] WARN  o.apache.kafka.clients.NetworkClient - [AdminClient clientId=adminclient-1] Connection to node -2 (kafka-broker-2/172.25.0.4:9092) could not be established. Broker may not be available.
2023-06-12 05:49:10 [kafka-admin-client-thread | adminclient-1] INFO  o.apache.kafka.clients.NetworkClient - [AdminClient clientId=adminclient-1] Node -3 disconnected.
2023-06-12 05:49:10 [kafka-admin-client-thread | adminclient-1] WARN  o.apache.kafka.clients.NetworkClient - [AdminClient clientId=adminclient-1] Connection to node -3 (kafka-broker-3/172.25.0.5:9092) could not be established. Broker may not be available.
2023-06-12 05:49:10 [main] INFO  o.s.b.w.e.netty.NettyWebServer - Netty started on port 8080
2023-06-12 05:49:10 [main] INFO  c.d.t.TwitterToKafkaServiceApplication - Started TwitterToKafkaServiceApplication in 3.303 seconds (JVM running for 3.946)
2023-06-12 05:49:10 [main] INFO  c.d.t.TwitterToKafkaServiceApplication - App starts...
2023-06-12 05:49:10 [main] INFO  c.d.k.client.KafkaAdminClient - Creating 1 topics(s), attempt 0
2023-06-12 05:49:10 [kafka-admin-client-thread | adminclient-1] INFO  o.apache.kafka.clients.NetworkClient - [AdminClient clientId=adminclient-1] Node -1 disconnected.
2023-06-12 05:49:10 [kafka-admin-client-thread | adminclient-1] WARN  o.apache.kafka.clients.NetworkClient - [AdminClient clientId=adminclient-1] Connection to node -1 (kafka-broker-1/172.25.0.6:9092) could not be established. Broker may not be available.
2023-06-12 05:49:10 [kafka-admin-client-thread | adminclient-1] INFO  o.apache.kafka.clients.NetworkClient - [AdminClient clientId=adminclient-1] Node -2 disconnected.
2023-06-12 05:49:10 [kafka-admin-client-thread | adminclient-1] WARN  o.apache.kafka.clients.NetworkClient - [AdminClient clientId=adminclient-1] Connection to node -2 (kafka-broker-2/172.25.0.4:9092) could not be established. Broker may not be available.
2023-06-12 05:49:10 [kafka-admin-client-thread | adminclient-1] INFO  o.apache.kafka.clients.NetworkClient - [AdminClient clientId=adminclient-1] Node -3 disconnected.
2023-06-12 05:49:10 [kafka-admin-client-thread | adminclient-1] WARN  o.apache.kafka.clients.NetworkClient - [AdminClient clientId=adminclient-1] Connection to node -3 (kafka-broker-3/172.25.0.5:9092) could not be established. Broker may not be available.
2023-06-12 05:49:10 [main] INFO  c.d.k.client.KafkaAdminClient - Create topic result [KafkaFuture{value=null,exception=null,done=false}]
2023-06-12 05:49:10 [main] INFO  c.d.k.client.KafkaAdminClient - Reading kafka topic [twitter-topic], attempt 0
2023-06-12 05:49:10 [kafka-admin-client-thread | adminclient-1] INFO  o.apache.kafka.clients.NetworkClient - [AdminClient clientId=adminclient-1] Node -1 disconnected.
2023-06-12 05:49:10 [kafka-admin-client-thread | adminclient-1] WARN  o.apache.kafka.clients.NetworkClient - [AdminClient clientId=adminclient-1] Connection to node -1 (kafka-broker-1/172.25.0.6:9092) could not be established. Broker may not be available.
2023-06-12 05:49:10 [kafka-admin-client-thread | adminclient-1] INFO  o.apache.kafka.clients.NetworkClient - [AdminClient clientId=adminclient-1] Node -2 disconnected.
2023-06-12 05:49:10 [kafka-admin-client-thread | adminclient-1] WARN  o.apache.kafka.clients.NetworkClient - [AdminClient clientId=adminclient-1] Connection to node -2 (kafka-broker-2/172.25.0.4:9092) could not be established. Broker may not be available.
2023-06-12 05:49:10 [kafka-admin-client-thread | adminclient-1] INFO  o.apache.kafka.clients.NetworkClient - [AdminClient clientId=adminclient-1] Node -3 disconnected.
2023-06-12 05:49:10 [kafka-admin-client-thread | adminclient-1] WARN  o.apache.kafka.clients.NetworkClient - [AdminClient clientId=adminclient-1] Connection to node -3 (kafka-broker-3/172.25.0.5:9092) could not be established. Broker may not be available.
2023-06-12 05:49:10 [kafka-admin-client-thread | adminclient-1] INFO  o.apache.kafka.clients.NetworkClient - [AdminClient clientId=adminclient-1] Node -1 disconnected.
2023-06-12 05:49:10 [kafka-admin-client-thread | adminclient-1] WARN  o.apache.kafka.clients.NetworkClient - [AdminClient clientId=adminclient-1] Connection to node -1 (kafka-broker-1/172.25.0.6:9092) could not be established. Broker may not be available.
2023-06-12 05:49:10 [kafka-admin-client-thread | adminclient-1] INFO  o.apache.kafka.clients.NetworkClient - [AdminClient clientId=adminclient-1] Node -2 disconnected.
2023-06-12 05:49:10 [kafka-admin-client-thread | adminclient-1] WARN  o.apache.kafka.clients.NetworkClient - [AdminClient clientId=adminclient-1] Connection to node -2 (kafka-broker-2/172.25.0.4:9092) could not be established. Broker may not be available.
2023-06-12 05:49:10 [kafka-admin-client-thread | adminclient-1] INFO  o.apache.kafka.clients.NetworkClient - [AdminClient clientId=adminclient-1] Node -3 disconnected.
2023-06-12 05:49:10 [kafka-admin-client-thread | adminclient-1] WARN  o.apache.kafka.clients.NetworkClient - [AdminClient clientId=adminclient-1] Connection to node -3 (kafka-broker-3/172.25.0.5:9092) could not be established. Broker may not be available.
2023-06-12 05:49:11 [kafka-admin-client-thread | adminclient-1] INFO  o.apache.kafka.clients.NetworkClient - [AdminClient clientId=adminclient-1] Node -1 disconnected.
2023-06-12 05:49:11 [kafka-admin-client-thread | adminclient-1] WARN  o.apache.kafka.clients.NetworkClient - [AdminClient clientId=adminclient-1] Connection to node -1 (kafka-broker-1/172.25.0.6:9092) could not be established. Broker may not be available.
2023-06-12 05:49:11 [kafka-admin-client-thread | adminclient-1] INFO  o.apache.kafka.clients.NetworkClient - [AdminClient clientId=adminclient-1] Node -2 disconnected.
2023-06-12 05:49:11 [kafka-admin-client-thread | adminclient-1] WARN  o.apache.kafka.clients.NetworkClient - [AdminClient clientId=adminclient-1] Connection to node -2 (kafka-broker-2/172.25.0.4:9092) could not be established. Broker may not be available.
2023-06-12 05:49:11 [kafka-admin-client-thread | adminclient-1] INFO  o.apache.kafka.clients.NetworkClient - [AdminClient clientId=adminclient-1] Node -3 disconnected.
2023-06-12 05:49:11 [kafka-admin-client-thread | adminclient-1] WARN  o.apache.kafka.clients.NetworkClient - [AdminClient clientId=adminclient-1] Connection to node -3 (kafka-broker-3/172.25.0.5:9092) could not be established. Broker may not be available.
2023-06-12 05:49:11 [kafka-admin-client-thread | adminclient-1] INFO  o.apache.kafka.clients.NetworkClient - [AdminClient clientId=adminclient-1] Node -2 disconnected.
2023-06-12 05:49:11 [kafka-admin-client-thread | adminclient-1] WARN  o.apache.kafka.clients.NetworkClient - [AdminClient clientId=adminclient-1] Connection to node -2 (kafka-broker-2/172.25.0.4:9092) could not be established. Broker may not be available.
2023-06-12 05:49:12 [kafka-admin-client-thread | adminclient-1] INFO  o.apache.kafka.clients.NetworkClient - [AdminClient clientId=adminclient-1] Node -1 disconnected.
2023-06-12 05:49:12 [kafka-admin-client-thread | adminclient-1] WARN  o.apache.kafka.clients.NetworkClient - [AdminClient clientId=adminclient-1] Connection to node -1 (kafka-broker-1/172.25.0.6:9092) could not be established. Broker may not be available.
2023-06-12 05:49:12 [kafka-admin-client-thread | adminclient-1] INFO  o.apache.kafka.clients.NetworkClient - [AdminClient clientId=adminclient-1] Node -3 disconnected.
2023-06-12 05:49:12 [kafka-admin-client-thread | adminclient-1] WARN  o.apache.kafka.clients.NetworkClient - [AdminClient clientId=adminclient-1] Connection to node -3 (kafka-broker-3/172.25.0.5:9092) could not be established. Broker may not be available.
2023-06-12 05:49:12 [kafka-admin-client-thread | adminclient-1] INFO  o.apache.kafka.clients.NetworkClient - [AdminClient clientId=adminclient-1] Node -2 disconnected.
2023-06-12 05:49:12 [kafka-admin-client-thread | adminclient-1] WARN  o.apache.kafka.clients.NetworkClient - [AdminClient clientId=adminclient-1] Connection to node -2 (kafka-broker-2/172.25.0.4:9092) could not be established. Broker may not be available.
2023-06-12 05:49:13 [kafka-admin-client-thread | adminclient-1] INFO  o.apache.kafka.clients.NetworkClient - [AdminClient clientId=adminclient-1] Node -1 disconnected.
2023-06-12 05:49:13 [kafka-admin-client-thread | adminclient-1] WARN  o.apache.kafka.clients.NetworkClient - [AdminClient clientId=adminclient-1] Connection to node -1 (kafka-broker-1/172.25.0.6:9092) could not be established. Broker may not be available.
2023-06-12 05:49:13 [kafka-admin-client-thread | adminclient-1] INFO  o.apache.kafka.clients.NetworkClient - [AdminClient clientId=adminclient-1] Node -3 disconnected.
2023-06-12 05:49:13 [kafka-admin-client-thread | adminclient-1] WARN  o.apache.kafka.clients.NetworkClient - [AdminClient clientId=adminclient-1] Connection to node -3 (kafka-broker-3/172.25.0.5:9092) could not be established. Broker may not be available.
2023-06-12 05:49:14 [kafka-admin-client-thread | adminclient-1] INFO  o.apache.kafka.clients.NetworkClient - [AdminClient clientId=adminclient-1] Node -2 disconnected.
2023-06-12 05:49:14 [kafka-admin-client-thread | adminclient-1] WARN  o.apache.kafka.clients.NetworkClient - [AdminClient clientId=adminclient-1] Connection to node -2 (kafka-broker-2/172.25.0.4:9092) could not be established. Broker may not be available.
2023-06-12 05:49:14 [kafka-admin-client-thread | adminclient-1] INFO  o.apache.kafka.clients.NetworkClient - [AdminClient clientId=adminclient-1] Node -1 disconnected.
2023-06-12 05:49:14 [kafka-admin-client-thread | adminclient-1] WARN  o.apache.kafka.clients.NetworkClient - [AdminClient clientId=adminclient-1] Connection to node -1 (kafka-broker-1/172.25.0.6:9092) could not be established. Broker may not be available.
2023-06-12 05:49:14 [kafka-admin-client-thread | adminclient-1] INFO  o.apache.kafka.clients.NetworkClient - [AdminClient clientId=adminclient-1] Node -3 disconnected.
2023-06-12 05:49:14 [kafka-admin-client-thread | adminclient-1] WARN  o.apache.kafka.clients.NetworkClient - [AdminClient clientId=adminclient-1] Connection to node -3 (kafka-broker-3/172.25.0.5:9092) could not be established. Broker may not be available.
2023-06-12 05:49:15 [kafka-admin-client-thread | adminclient-1] INFO  o.apache.kafka.clients.NetworkClient - [AdminClient clientId=adminclient-1] Node -1 disconnected.
2023-06-12 05:49:15 [kafka-admin-client-thread | adminclient-1] WARN  o.apache.kafka.clients.NetworkClient - [AdminClient clientId=adminclient-1] Connection to node -1 (kafka-broker-1/172.25.0.6:9092) could not be established. Broker may not be available.
2023-06-12 05:49:15 [kafka-admin-client-thread | adminclient-1] INFO  o.apache.kafka.clients.NetworkClient - [AdminClient clientId=adminclient-1] Node -2 disconnected.
2023-06-12 05:49:15 [kafka-admin-client-thread | adminclient-1] WARN  o.apache.kafka.clients.NetworkClient - [AdminClient clientId=adminclient-1] Connection to node -2 (kafka-broker-2/172.25.0.4:9092) could not be established. Broker may not be available.
2023-06-12 05:49:15 [kafka-admin-client-thread | adminclient-1] INFO  o.apache.kafka.clients.NetworkClient - [AdminClient clientId=adminclient-1] Node -3 disconnected.
2023-06-12 05:49:15 [kafka-admin-client-thread | adminclient-1] WARN  o.apache.kafka.clients.NetworkClient - [AdminClient clientId=adminclient-1] Connection to node -3 (kafka-broker-3/172.25.0.5:9092) could not be established. Broker may not be available.
2023-06-12 05:49:16 [kafka-admin-client-thread | adminclient-1] INFO  o.apache.kafka.clients.NetworkClient - [AdminClient clientId=adminclient-1] Node -1 disconnected.
2023-06-12 05:49:16 [kafka-admin-client-thread | adminclient-1] WARN  o.apache.kafka.clients.NetworkClient - [AdminClient clientId=adminclient-1] Connection to node -1 (kafka-broker-1/172.25.0.6:9092) could not be established. Broker may not be available.
2023-06-12 05:49:16 [kafka-admin-client-thread | adminclient-1] INFO  o.apache.kafka.clients.NetworkClient - [AdminClient clientId=adminclient-1] Node -2 disconnected.
2023-06-12 05:49:16 [kafka-admin-client-thread | adminclient-1] WARN  o.apache.kafka.clients.NetworkClient - [AdminClient clientId=adminclient-1] Connection to node -2 (kafka-broker-2/172.25.0.4:9092) could not be established. Broker may not be available.
2023-06-12 05:49:16 [kafka-admin-client-thread | adminclient-1] INFO  o.apache.kafka.clients.NetworkClient - [AdminClient clientId=adminclient-1] Node -3 disconnected.
2023-06-12 05:49:16 [kafka-admin-client-thread | adminclient-1] WARN  o.apache.kafka.clients.NetworkClient - [AdminClient clientId=adminclient-1] Connection to node -3 (kafka-broker-3/172.25.0.5:9092) could not be established. Broker may not be available.
2023-06-12 05:49:20 [main] INFO  c.d.k.client.KafkaAdminClient - Reading kafka topic [twitter-topic], attempt 0
2023-06-12 05:49:22 [main] INFO  c.d.t.i.impl.KafkaStreamInitializer - Topics with name twitter-topic is ready for operations!
2023-06-12 05:49:22 [main] INFO  c.d.t.r.impl.MockKafkaStreamRunner - Starting mock filtering twitter streams for keywords [Java, Microservices, Kafka, Elasticsearch]
2023-06-12 05:49:22 [pool-4-thread-1] INFO  c.d.t.l.TwitterKafkaStatusListener - Received status text amet ipsum consectetuer sed sed ipsum ipsum Microservices ultricies Maecenas libero Fusce sit sending to kafka topic twitter-topic
2023-06-12 05:49:23 [pool-4-thread-1] INFO  c.d.k.s.impl.TwitterKafkaProducer - Sending message='{"userId": 2902429684979131669, "id": 7576469181482689031, "text": "amet ipsum consectetuer sed sed ipsum ipsum Microservices ultricies Maecenas libero Fusce sit", "createdAt": 1686548962000}' to topic='twitter-topic'
2023-06-12 05:49:23 [pool-4-thread-1] INFO  o.a.k.c.producer.ProducerConfig - ProducerConfig values: 
	acks = -1
	batch.size = 1638400
	bootstrap.servers = [kafka-broker-1:9092, kafka-broker-2:9092, kafka-broker-3:9092]
	buffer.memory = 33554432
	client.dns.lookup = use_all_dns_ips
	client.id = producer-1
	compression.type = snappy
	connections.max.idle.ms = 540000
	delivery.timeout.ms = 120000
	enable.idempotence = true
	interceptor.classes = []
	key.serializer = class org.apache.kafka.common.serialization.LongSerializer
	linger.ms = 5
	max.block.ms = 60000
	max.in.flight.requests.per.connection = 5
	max.request.size = 1048576
	metadata.max.age.ms = 300000
	metadata.max.idle.ms = 300000
	metric.reporters = []
	metrics.num.samples = 2
	metrics.recording.level = INFO
	metrics.sample.window.ms = 30000
	partitioner.class = class org.apache.kafka.clients.producer.internals.DefaultPartitioner
	receive.buffer.bytes = 32768
	reconnect.backoff.max.ms = 1000
	reconnect.backoff.ms = 50
	request.timeout.ms = 60000
	retries = 5
	retry.backoff.ms = 100
	sasl.client.callback.handler.class = null
	sasl.jaas.config = null
	sasl.kerberos.kinit.cmd = /usr/bin/kinit
	sasl.kerberos.min.time.before.relogin = 60000
	sasl.kerberos.service.name = null
	sasl.kerberos.ticket.renew.jitter = 0.05
	sasl.kerberos.ticket.renew.window.factor = 0.8
	sasl.login.callback.handler.class = null
	sasl.login.class = null
	sasl.login.connect.timeout.ms = null
	sasl.login.read.timeout.ms = null
	sasl.login.refresh.buffer.seconds = 300
	sasl.login.refresh.min.period.seconds = 60
	sasl.login.refresh.window.factor = 0.8
	sasl.login.refresh.window.jitter = 0.05
	sasl.login.retry.backoff.max.ms = 10000
	sasl.login.retry.backoff.ms = 100
	sasl.mechanism = GSSAPI
	sasl.oauthbearer.clock.skew.seconds = 30
	sasl.oauthbearer.expected.audience = null
	sasl.oauthbearer.expected.issuer = null
	sasl.oauthbearer.jwks.endpoint.refresh.ms = 3600000
	sasl.oauthbearer.jwks.endpoint.retry.backoff.max.ms = 10000
	sasl.oauthbearer.jwks.endpoint.retry.backoff.ms = 100
	sasl.oauthbearer.jwks.endpoint.url = null
	sasl.oauthbearer.scope.claim.name = scope
	sasl.oauthbearer.sub.claim.name = sub
	sasl.oauthbearer.token.endpoint.url = null
	security.protocol = PLAINTEXT
	security.providers = null
	send.buffer.bytes = 131072
	socket.connection.setup.timeout.max.ms = 30000
	socket.connection.setup.timeout.ms = 10000
	ssl.cipher.suites = null
	ssl.enabled.protocols = [TLSv1.2, TLSv1.3]
	ssl.endpoint.identification.algorithm = https
	ssl.engine.factory.class = null
	ssl.key.password = null
	ssl.keymanager.algorithm = SunX509
	ssl.keystore.certificate.chain = null
	ssl.keystore.key = null
	ssl.keystore.location = null
	ssl.keystore.password = null
	ssl.keystore.type = JKS
	ssl.protocol = TLSv1.3
	ssl.provider = null
	ssl.secure.random.implementation = null
	ssl.trustmanager.algorithm = PKIX
	ssl.truststore.certificates = null
	ssl.truststore.location = null
	ssl.truststore.password = null
	ssl.truststore.type = JKS
	transaction.timeout.ms = 60000
	transactional.id = null
	value.serializer = class io.confluent.kafka.serializers.KafkaAvroSerializer

2023-06-12 05:49:23 [pool-4-thread-1] INFO  i.c.k.s.KafkaAvroSerializerConfig - KafkaAvroSerializerConfig values: 
	auto.register.schemas = true
	avro.reflection.allow.null = false
	avro.remove.java.properties = false
	avro.use.logical.type.converters = false
	basic.auth.credentials.source = URL
	basic.auth.user.info = [hidden]
	bearer.auth.cache.expiry.buffer.seconds = 300
	bearer.auth.client.id = null
	bearer.auth.client.secret = null
	bearer.auth.credentials.source = STATIC_TOKEN
	bearer.auth.identity.pool.id = null
	bearer.auth.issuer.endpoint.url = null
	bearer.auth.logical.cluster = null
	bearer.auth.scope = null
	bearer.auth.scope.claim.name = scope
	bearer.auth.sub.claim.name = sub
	bearer.auth.token = [hidden]
	context.name.strategy = class io.confluent.kafka.serializers.context.NullContextNameStrategy
	id.compatibility.strict = true
	key.subject.name.strategy = class io.confluent.kafka.serializers.subject.TopicNameStrategy
	latest.cache.size = 1000
	latest.cache.ttl.sec = -1
	latest.compatibility.strict = true
	max.schemas.per.subject = 1000
	normalize.schemas = false
	proxy.host = 
	proxy.port = -1
	rule.actions = []
	rule.executors = []
	schema.format = null
	schema.reflection = false
	schema.registry.basic.auth.user.info = [hidden]
	schema.registry.ssl.cipher.suites = null
	schema.registry.ssl.enabled.protocols = [TLSv1.2, TLSv1.3]
	schema.registry.ssl.endpoint.identification.algorithm = https
	schema.registry.ssl.engine.factory.class = null
	schema.registry.ssl.key.password = null
	schema.registry.ssl.keymanager.algorithm = SunX509
	schema.registry.ssl.keystore.certificate.chain = null
	schema.registry.ssl.keystore.key = null
	schema.registry.ssl.keystore.location = null
	schema.registry.ssl.keystore.password = null
	schema.registry.ssl.keystore.type = JKS
	schema.registry.ssl.protocol = TLSv1.3
	schema.registry.ssl.provider = null
	schema.registry.ssl.secure.random.implementation = null
	schema.registry.ssl.trustmanager.algorithm = PKIX
	schema.registry.ssl.truststore.certificates = null
	schema.registry.ssl.truststore.location = null
	schema.registry.ssl.truststore.password = null
	schema.registry.ssl.truststore.type = JKS
	schema.registry.url = [http://schema-registry:8081]
	use.latest.version = false
	use.latest.with.metadata = null
	use.schema.id = -1
	value.subject.name.strategy = class io.confluent.kafka.serializers.subject.TopicNameStrategy

2023-06-12 05:49:23 [pool-4-thread-1] INFO  o.a.k.clients.producer.KafkaProducer - [Producer clientId=producer-1] Instantiated an idempotent producer.
2023-06-12 05:49:23 [pool-4-thread-1] INFO  o.a.kafka.common.utils.AppInfoParser - Kafka version: 3.1.2
2023-06-12 05:49:23 [pool-4-thread-1] INFO  o.a.kafka.common.utils.AppInfoParser - Kafka commitId: f8c67dc3ae0a3265
2023-06-12 05:49:23 [pool-4-thread-1] INFO  o.a.kafka.common.utils.AppInfoParser - Kafka startTimeMs: 1686548963353
2023-06-12 05:49:23 [kafka-producer-network-thread | producer-1] INFO  org.apache.kafka.clients.Metadata - [Producer clientId=producer-1] Cluster ID: auXVBzKkS_ej4goat0kL-w
2023-06-12 05:49:23 [kafka-producer-network-thread | producer-1] INFO  o.a.k.c.p.i.TransactionManager - [Producer clientId=producer-1] ProducerId set to 2000 with epoch 0
2023-06-12 05:49:33 [pool-4-thread-1] INFO  c.d.t.l.TwitterKafkaStatusListener - Received status text ipsum congue adipiscing congue elit Elasticsearch elit Fusce massa Lorem sending to kafka topic twitter-topic
2023-06-12 05:49:33 [pool-4-thread-1] INFO  c.d.k.s.impl.TwitterKafkaProducer - Sending message='{"userId": 5871969848824943851, "id": 8781704341211444020, "text": "ipsum congue adipiscing congue elit Elasticsearch elit Fusce massa Lorem", "createdAt": 1686548973000}' to topic='twitter-topic'
2023-06-12 05:49:43 [pool-4-thread-1] INFO  c.d.t.l.TwitterKafkaStatusListener - Received status text dolor congue congue Elasticsearch sit congue sending to kafka topic twitter-topic
2023-06-12 05:49:43 [pool-4-thread-1] INFO  c.d.k.s.impl.TwitterKafkaProducer - Sending message='{"userId": 8956490382789118916, "id": 4567944595412368234, "text": "dolor congue congue Elasticsearch sit congue", "createdAt": 1686548983000}' to topic='twitter-topic'
2023-06-12 05:49:53 [pool-4-thread-1] INFO  c.d.t.l.TwitterKafkaStatusListener - Received status text dolor adipiscing lectus massa sed sed Maecenas Java sed purus porttitor massa amet sending to kafka topic twitter-topic
2023-06-12 05:49:53 [pool-4-thread-1] INFO  c.d.k.s.impl.TwitterKafkaProducer - Sending message='{"userId": 5244678072913312279, "id": 735289115098048852, "text": "dolor adipiscing lectus massa sed sed Maecenas Java sed purus porttitor massa amet", "createdAt": 1686548993000}' to topic='twitter-topic'
2023-06-12 05:50:00 [kafka-admin-client-thread | adminclient-1] INFO  o.a.kafka.common.utils.AppInfoParser - App info kafka.admin.client for adminclient-1 unregistered
2023-06-12 05:50:00 [kafka-admin-client-thread | adminclient-1] INFO  o.a.kafka.common.metrics.Metrics - Metrics scheduler closed
2023-06-12 05:50:00 [kafka-admin-client-thread | adminclient-1] INFO  o.a.kafka.common.metrics.Metrics - Closing reporter org.apache.kafka.common.metrics.JmxReporter
2023-06-12 05:50:00 [kafka-admin-client-thread | adminclient-1] INFO  o.a.kafka.common.metrics.Metrics - Metrics reporters closed
2023-06-12 05:50:00 [SpringApplicationShutdownHook] INFO  c.d.k.s.impl.TwitterKafkaProducer - Closing kafka producer!
2023-06-12 05:50:00 [SpringApplicationShutdownHook] INFO  o.a.k.clients.producer.KafkaProducer - [Producer clientId=producer-1] Closing the Kafka producer with timeoutMillis = 30000 ms.
2023-06-12 05:50:00 [SpringApplicationShutdownHook] INFO  o.a.kafka.common.metrics.Metrics - Metrics scheduler closed
2023-06-12 05:50:00 [SpringApplicationShutdownHook] INFO  o.a.kafka.common.metrics.Metrics - Closing reporter org.apache.kafka.common.metrics.JmxReporter
2023-06-12 05:50:00 [SpringApplicationShutdownHook] INFO  o.a.kafka.common.metrics.Metrics - Metrics reporters closed
2023-06-12 05:50:00 [SpringApplicationShutdownHook] INFO  o.a.kafka.common.utils.AppInfoParser - App info kafka.producer for producer-1 unregistered
